[18:53:35] [main/INFO] (Launcher) ModLauncher running: args [--launchTarget, forgeclientuserdev, --version, MOD_DEV, --assetIndex, 1.20.1-5, --assetsDir, C:\Users\dudur\.gradle\caches\fabric-loom\assets, --gameDir, ., --fml.forgeVersion, 47.4.10, --fml.mcVersion, 1.20.1, --fml.forgeGroup, net.minecraftforge, --fml.mcpVersion, 20230612.114412, --mixin.config, evensheeper.mixins.json]
[18:53:36] [main/INFO] (Launcher) ModLauncher 10.0.9+10.0.9+main.dcd20f30 starting: java version 17.0.18 by Eclipse Adoptium; OS Windows 11 arch amd64 version 10.0
[18:53:36] [main/INFO] (unprotect) Initializing Unprotect using ModLauncher backend, target: Minecraft and loader classes (minecraft+forge)
[18:53:36] [main/INFO] (ImmediateWindowHandler) Loading ImmediateWindowProvider fmlearlywindow
[18:53:36] [main/INFO] (EARLYDISPLAY) Trying GL version 4.6
[18:53:36] [main/INFO] (EARLYDISPLAY) Requested GL version 4.6 got version 4.6
[18:53:36] [main/INFO] (mixin) SpongePowered MIXIN Subsystem Version=0.8.5 Source=union:/C:/Users/dudur/.gradle/caches/modules-2/files-2.1/dev.architectury/mixin-patched/0.8.5.12/cf1f787f58d3b08b0cb53ecbba7928c09a1893c8/mixin-patched-0.8.5.12.jar%23130!/ Service=ModLauncher Env=CLIENT
[18:53:36] [pool-5-thread-1/INFO] (EARLYDISPLAY) GL info: Intel(R) UHD Graphics GL version 4.6.0 - Build 30.0.101.1273, Intel
[18:53:36] [main/WARN] (ModFileParser) Mod file C:\Users\dudur\.gradle\caches\modules-2\files-2.1\net.minecraftforge\javafmllanguage\1.20.1-47.4.10\ccc533c7dd67e0983217197d7549c8b49e7ab453\javafmllanguage-1.20.1-47.4.10.jar is missing mods.toml file
[18:53:36] [main/WARN] (ModFileParser) Mod file C:\Users\dudur\.gradle\caches\modules-2\files-2.1\net.minecraftforge\lowcodelanguage\1.20.1-47.4.10\e9a2879fe3612ea34b9728ec2633304a1e67d480\lowcodelanguage-1.20.1-47.4.10.jar is missing mods.toml file
[18:53:36] [main/WARN] (ModFileParser) Mod file C:\Users\dudur\.gradle\caches\modules-2\files-2.1\net.minecraftforge\mclanguage\1.20.1-47.4.10\ec5cefbbc65c67302b8fac317010faab85fa14b9\mclanguage-1.20.1-47.4.10.jar is missing mods.toml file
[18:53:36] [main/WARN] (ModFileParser) Mod file C:\Users\dudur\.gradle\caches\modules-2\files-2.1\net.minecraftforge\fmlcore\1.20.1-47.4.10\94dae566be650566ea9115a1414ab76bfcf5a804\fmlcore-1.20.1-47.4.10.jar is missing mods.toml file
[18:53:36] [main/INFO] (ModDiscoverer) Found mod file javafmllanguage-1.20.1-47.4.10.jar of type LANGPROVIDER with provider net.minecraftforge.fml.loading.moddiscovery.MinecraftLocator@49d658bf
[18:53:36] [main/INFO] (ModDiscoverer) Found mod file lowcodelanguage-1.20.1-47.4.10.jar of type LANGPROVIDER with provider net.minecraftforge.fml.loading.moddiscovery.MinecraftLocator@49d658bf
[18:53:36] [main/INFO] (ModDiscoverer) Found mod file mclanguage-1.20.1-47.4.10.jar of type LANGPROVIDER with provider net.minecraftforge.fml.loading.moddiscovery.MinecraftLocator@49d658bf
[18:53:36] [main/INFO] (ModDiscoverer) Found mod file fmlcore-1.20.1-47.4.10.jar of type LIBRARY with provider net.minecraftforge.fml.loading.moddiscovery.MinecraftLocator@49d658bf
[18:53:36] [main/INFO] (ModDiscoverer) Found mod file forge-1.20.1-47.4.10-minecraft-merged-1.20.1-loom.mappings.1_20_1.layered+hash.434613298-v2-forge-1.20.1-47.4.10.jar of type MOD with provider net.minecraftforge.fml.loading.moddiscovery.MinecraftLocator@49d658bf
[18:53:36] [main/INFO] (ModDiscoverer) Found mod file main of type MOD with provider net.minecraftforge.fml.loading.moddiscovery.MinecraftLocator@49d658bf
[18:53:36] [main/INFO] (ModDiscoverer) Found mod file  of type MOD with provider net.minecraftforge.fml.loading.moddiscovery.MinecraftLocator@49d658bf
[18:53:36] [main/INFO] (ModDiscoverer) Found mod file mixinextras-forge-0.4.1.jar of type GAMELIBRARY with provider net.minecraftforge.fml.loading.moddiscovery.ClasspathLocator@47b6f580
[18:53:36] [main/INFO] (ModDiscoverer) Found mod file architectury-forge-5771f405-9.2.14.jar of type MOD with provider net.minecraftforge.fml.loading.moddiscovery.ClasspathLocator@47b6f580
[18:53:36] [main/INFO] (ModDiscoverer) Found mod file platform-5771f405-1.3.4-forge,1.20.1.jar of type MOD with provider net.minecraftforge.fml.loading.moddiscovery.ClasspathLocator@47b6f580
[18:53:36] [main/INFO] (ModDiscoverer) Found mod file vanillabackport-5771f405-1.1.7.10-forge,1.20.1.jar of type MOD with provider net.minecraftforge.fml.loading.moddiscovery.ClasspathLocator@47b6f580
[18:53:36] [main/INFO] (ModDiscoverer) Found mod file 6357867884853374906.jar of type MOD with provider net.minecraftforge.fml.loading.moddiscovery.ClasspathLocator@47b6f580
[18:53:36] [main/INFO] (ModDiscoverer) Found mod file mixinextras-forge-0.4.1.jar of type GAMELIBRARY with provider net.minecraftforge.fml.loading.moddiscovery.ClasspathLocator@47b6f580
[18:53:36] [main/INFO] (ModDiscoverer) Found mod file architectury-forge-5771f405-9.2.14.jar of type MOD with provider net.minecraftforge.fml.loading.moddiscovery.ClasspathLocator@47b6f580
[18:53:36] [main/INFO] (ModDiscoverer) Found mod file platform-5771f405-1.3.4-forge,1.20.1.jar of type MOD with provider net.minecraftforge.fml.loading.moddiscovery.ClasspathLocator@47b6f580
[18:53:36] [main/INFO] (ModDiscoverer) Found mod file vanillabackport-5771f405-1.1.7.10-forge,1.20.1.jar of type MOD with provider net.minecraftforge.fml.loading.moddiscovery.ClasspathLocator@47b6f580
[18:53:36] [main/INFO] (ModDiscoverer) Found mod file 6357867884853374906.jar of type MOD with provider net.minecraftforge.fml.loading.moddiscovery.ClasspathLocator@47b6f580
[18:53:37] [main/INFO] (JarInJarDependencyLocator) Found 1 dependencies adding them to mods collection
[18:53:37] [main/INFO] (ModDiscoverer) Found mod file MixinExtras-0.4.1.jar of type GAMELIBRARY with provider net.minecraftforge.fml.loading.moddiscovery.JarInJarDependencyLocator@712adc04
[18:53:38] [main/INFO] (mixin) Compatibility level set to JAVA_17
[18:53:38] [main/INFO] (LaunchServiceHandler) Launching target 'forgeclientuserdev' with arguments [--version, MOD_DEV, --gameDir, ., --assetsDir, C:\Users\dudur\.gradle\caches\fabric-loom\assets, --assetIndex, 1.20.1-5]
[18:53:38] [main/INFO] (mixin) Remapping refMap VanillaBackport-common-1.20.1-common-refmap.json using RemapperChain (Architectury Patched)
[18:53:38] [main/INFO] (mixin) Remapping refMap VanillaBackport-forge-1.20.1-forge-refmap.json using RemapperChain (Architectury Patched)
[18:53:38] [main/INFO] (unprotect) Found 7423 Minecraft classes
[18:53:38] [main/INFO] (mixin) Remapping refMap architectury-forge-refmap.json using RemapperChain (Architectury Patched)
[18:53:38] [main/INFO] (mixin) Remapping refMap architectury-common-refmap.json using RemapperChain (Architectury Patched)
[18:53:38] [main/INFO] (mixin) Remapping refMap Platform-forge-1.20.1-forge-refmap.json using RemapperChain (Architectury Patched)
[18:53:38] [main/INFO] (mixin) Remapping refMap Platform-common-1.20.1-common-refmap.json using RemapperChain (Architectury Patched)
[18:53:39] [main/WARN] (mixin) Error loading class: net/mehvahdjukaar/moonlight/api/set/leaves/LeavesType (java.lang.ClassNotFoundException: net.mehvahdjukaar.moonlight.api.set.leaves.LeavesType)
[18:53:39] [main/WARN] (mixin) Error loading class: net/mehvahdjukaar/stone_zone/api/set/stone/StoneType (java.lang.ClassNotFoundException: net.mehvahdjukaar.stone_zone.api.set.stone.StoneType)
[18:53:39] [main/WARN] (mixin) Error loading class: net/mehvahdjukaar/moonlight/api/set/wood/WoodType (java.lang.ClassNotFoundException: net.mehvahdjukaar.moonlight.api.set.wood.WoodType)
[18:53:39] [main/WARN] (mixin) Error loading class: jeresources/api/util/BiomeHelper (java.lang.ClassNotFoundException: jeresources.api.util.BiomeHelper)
[18:53:39] [main/WARN] (mixin) Error loading class: yalter/mousetweaks/Main (java.lang.ClassNotFoundException: yalter.mousetweaks.Main)
[18:53:39] [main/INFO] (MixinExtras|Service) Initializing MixinExtras via com.llamalad7.mixinextras.service.MixinExtrasServiceImpl(version=0.4.1).
[19jun.2026 18:53:46.080] [Datafixer Bootstrap/INFO] [com.mojang.datafixers.DataFixerBuilder/]: 188 Datafixer optimizations took 116 milliseconds
[19jun.2026 18:53:46.439] [pool-7-thread-1/WARN] [mixin/]: @Redirect conflict. Skipping vanillabackport.mixins.json:common.entities.SheepMixin->@Redirect::vb$updateColors(Lnet/minecraft/util/RandomSource;)Lnet/minecraft/world/item/DyeColor; with priority 1000, already redirected by evensheeper.mixins.json:common.entities.SheepMixin->@Redirect::vb$updateColors(Lnet/minecraft/util/RandomSource;)Lnet/minecraft/world/item/DyeColor; with priority 1000
